22:46:09 [core.trading_calendar] INFO: 交易日历缓存: 242 天 (2026年)
22:46:10 [dashboard.server] INFO: 仪表盘启动: http://0.0.0.0:5000
22:46:10 [core.signal_engine] INFO: 概念映射加载: 1009 只转债

[96m━━━ 可转债日内联动监控 启动[0m
  [2m数据源: 通达信行情 + 东方财富转债池(转股价/溢价率)[0m
  [2m交易时段: 9:30-11:30 / 13:00-15:00 (工作日)[0m
  [2m信号等级: B级及以上[0m
  [2m发行规模上限: 10.0亿[0m
  [2m溢价率范围: -5.0%~35.0%[0m
  [2m轮询间隔: 3秒/次[0m
  [2m仪表盘: http://192.168.31.225:5000[0m
  [2m按 Ctrl+C 停止[0m

 * Serving Flask app 'dashboard.server'
 * Debug mode: off
22:46:10 [core.signal_accuracy] INFO: SignalAccuracy: 加载 8 类信号准确率 (近2日)
22:46:10 [werkzeug] INFO: [31m[1mWARNING: This is a development server. Do not use it in a production deployment. Use a production WSGI server instead.[0m
 * Running on all addresses (0.0.0.0)
 * Running on http://127.0.0.1:5000
 * Running on http://192.168.31.225:5000
22:46:10 [werkzeug] INFO: [33mPress CTRL+C to quit[0m
  0%|          | 0/3 [00:00<?, ?it/s]22:46:11 [core.kpl_client] INFO: KPLClient: kaipanla-crawler 已就绪
22:46:11 [dashboard.server] INFO: 概念映射加载: 1009 只转债
 33%|███▎      | 1/3 [00:00<00:01,  1.17it/s]22:46:11 [werkzeug] INFO: 127.0.0.1 - - [23/Jun/2026 22:46:11] "GET /api/battle HTTP/1.1" 200 -
 67%|██████▋   | 2/3 [00:01<00:00,  1.39it/s]100%|██████████| 3/3 [00:01<00:00,  1.92it/s]                                             22:46:12 [core.bond_selector] INFO: Cov池加载: 1029 只
22:46:12 [core.bond_selector] INFO: 筛选后: 68 只 (全量池1029只, 活跃312只)
22:46:12 [core.bond_selector] INFO: 强赎数据加载: 327 只 (已公告14只, 公告要强赎0只)
  0%|          | 0/4 [00:00<?, ?it/s] 25%|██▌       | 1/4 [00:00<00:00,  4.57it/s] 50%|█████     | 2/4 [00:00<00:00,  4.74it/s] 75%|███████▌  | 3/4 [00:00<00:00,  5.58it/s]100%|██████████| 4/4 [00:00<00:00,  5.87it/s]                                             22:46:13 [scheduler.scheduler] INFO: 选债池刷新: 总池320只, 监控68只
22:46:13 [core.consensus_tracker] INFO: 全市场概念加载: 378 个, 均值 180 只/概念
22:46:13 [core.consensus_tracker] INFO: 问财龙头加载: 0/50 个概念, 0 只龙头正股
22:46:14 [core.fuyao_client] INFO: Fuyao 概念板块: 388 个
22:46:14 [core.consensus_tracker] INFO: ConceptIndexFeed: 加载 388 个概念板块目录
22:46:14 [core.consensus_tracker] INFO: 共识追踪器初始化: 1009 只债 → 380 个概念 (全市场: 378)
22:46:14 [core.trading_calendar] INFO: 交易日历更新: 242 天 (2026年)
22:46:15 [core.trading_calendar] INFO: 交易日历更新: 242 天 (2026年)
[2J[H22:46:17 [core.fuyao_client] INFO: Fuyao 概念板块: 388 个
22:46:20 [werkzeug] INFO: 127.0.0.1 - - [23/Jun/2026 22:46:20] "GET /api/concept_sectors HTTP/1.1" 200 -
22:50:15 [werkzeug] INFO: 127.0.0.1 - - [23/Jun/2026 22:50:15] "GET /api/battle HTTP/1.1" 200 -
22:50:42 [werkzeug] INFO: 127.0.0.1 - - [23/Jun/2026 22:50:42] "GET /api/battle HTTP/1.1" 200 -
23:01:16 [core.trading_calendar] INFO: 交易日历更新: 242 天 (2026年)
23:01:17 [core.trading_calendar] INFO: 交易日历更新: 242 天 (2026年)

[96m━━━ 可转债日内联动监控[0m

  ⏳ 非交易时段 (周二) - 下一交易时段: 等待9:30
  当前时间: 2026-06-23 22:46
  数据源: 通达信 + 东方财富转债池
  今日已收盘

  [2m下一轮检查: 15分钟后[0m

[96m━━━━━━━━━━━━━━━━━━━━━━━━━━━━━━━━━━━━━━━━[0m
[2J[H